Arguments: 
  C:\Program Files\nodejs\node.exe C:\Program Files (x86)\Yarn\bin\yarn.js install

PATH: 
  C:\ProgramData\Oracle\Java\javapath;C:\WINDOWS\system32;C:\WINDOWS;C:\WINDOWS\System32\Wbem;C:\WINDOWS\System32\WindowsPowerShell\v1.0\;C:\Program Files (x86)\eID klient\;C:\Program Files\nodejs\;C:\Program Files (x86)\Windows Kits\8.1\Windows Performance Toolkit\;C:\Program Files (x86)\Yarn\bin\;C:\Users\matej\AppData\Roaming\npm;C:\Users\matej\AppData\Local\atom\bin;C:\Users\matej\AppData\Local\GitHubDesktop\bin;C:\Users\matej\AppData\Local\Yarn\bin

Yarn version: 
  1.12.1

Node version: 
  8.5.0

Platform: 
  win32 x64

Trace: 
  Error: https://registry.yarnpkg.com/node%20version: Not found
      at Request.params.callback [as _callback] (C:\Program Files (x86)\Yarn\lib\cli.js:62248:18)
      at Request.self.callback (C:\Program Files (x86)\Yarn\lib\cli.js:124547:22)
      at emitTwo (events.js:125:13)
      at Request.emit (events.js:213:7)
      at Request.<anonymous> (C:\Program Files (x86)\Yarn\lib\cli.js:125519:10)
      at emitOne (events.js:115:13)
      at Request.emit (events.js:210:7)
      at IncomingMessage.<anonymous> (C:\Program Files (x86)\Yarn\lib\cli.js:125441:12)
      at Object.onceWrapper (events.js:314:30)
      at emitNone (events.js:110:20)

npm manifest: 
  {
    "name": "impressPlayer",
    "version": "0.8.3",
    "description": "Standalone impress.js presentations viewer and controller. Accepts html, markdown and specifically structured zip.",
    "main": "main.js",
    "scripts": {
      "start": "electron .",
      "pack": "build --dir",
      "dist": "build",
      "win": "build --win",
      "electron-builder": "electron-builder"
    },
    "repository": "https://github.com/matejmosko/gow",
    "keywords": [
      "impressPlayer",
      "impress.js",
      "markpress",
      "presentations"
    ],
    "author": "Matej Moško",
    "license": "CC0-1.0",
    "postinstall": "install-app-deps",
    "devDependencies": {
      "electron": "^1.8.2",
      "keytar-prebuild": "^4.1.1",
      "electron-builder": "^18.0.1",
      "electron-rebuild": "^1.7.3",
      "node version"  : "8.9.4"
    },
    "dependencies": {
      "decompress-zip": "^0.3.0",
      "electron-settings": "^3.1.1",
      "fs": "0.0.1-security",
      "i18n-2": "^0.7.1",
      "markpress": "^4.0.0",
      "mousetrap": "^1.6.1",
      "mustache": "^2.3.0",
      "oniguruma": "7.0.2",
      "xel": "0.0.48"
    },
    "build": {
      "productName": "impress Player",
      "appId": "com.electron.MatejMosko.impressPlayer",
      "asar": true,
      "compression": "maximum",
      "npmRebuild": true,
      "linux": {
        "target": "AppImage",
        "category": "Office"
      },
      "win": {
        "target": "nsis",
        "icon": "build/icon.ico"
      }
    }
  }

yarn manifest: 
  No manifest

Lockfile: 
  No lockfile
